This is pdfTeX, Version 3.141592653-2.6-1.40.26 (TeX Live 2024/nixos.org) (preloaded format=pdflatex 1980.1.1)  20 APR 2025 13:48
entering extended mode
 restricted \write18 enabled.
 %&-line parsing enabled.
**main.tex
(./main.tex
LaTeX2e <2024-11-01> patch level 2
L3 programming layer <2025-01-18>
(/nix/store/lavaqw85ixs41sv6hv8qfzksj8n12r3w-texlive-combined-full-2024-final-texmfdist/tex/latex/base/article.cls
Document Class: article 2024/06/29 v1.4n Standard LaTeX document class
(/nix/store/lavaqw85ixs41sv6hv8qfzksj8n12r3w-texlive-combined-full-2024-final-texmfdist/tex/latex/base/size11.clo
File: size11.clo 2024/06/29 v1.4n Standard LaTeX file (size option)
)
\c@part=\count196
\c@section=\count197
\c@subsection=\count198
\c@subsubsection=\count199
\c@paragraph=\count266
\c@subparagraph=\count267
\c@figure=\count268
\c@table=\count269
\abovecaptionskip=\skip49
\belowcaptionskip=\skip50
\bibindent=\dimen141
) (/nix/store/lavaqw85ixs41sv6hv8qfzksj8n12r3w-texlive-combined-full-2024-final-texmfdist/tex/latex/amsmath/amsmath.sty
Package: amsmath 2024/11/05 v2.17t AMS math features
\@mathmargin=\skip51

For additional information on amsmath, use the `?' option.
(/nix/store/lavaqw85ixs41sv6hv8qfzksj8n12r3w-texlive-combined-full-2024-final-texmfdist/tex/latex/amsmath/amstext.sty
Package: amstext 2021/08/26 v2.01 AMS text
 (/nix/store/lavaqw85ixs41sv6hv8qfzksj8n12r3w-texlive-combined-full-2024-final-texmfdist/tex/latex/amsmath/amsgen.sty
File: amsgen.sty 1999/11/30 v2.0 generic functions
\@emptytoks=\toks17
\ex@=\dimen142
)) (/nix/store/lavaqw85ixs41sv6hv8qfzksj8n12r3w-texlive-combined-full-2024-final-texmfdist/tex/latex/amsmath/amsbsy.sty
Package: amsbsy 1999/11/29 v1.2d Bold Symbols
\pmbraise@=\dimen143
) (/nix/store/lavaqw85ixs41sv6hv8qfzksj8n12r3w-texlive-combined-full-2024-final-texmfdist/tex/latex/amsmath/amsopn.sty
Package: amsopn 2022/04/08 v2.04 operator names
)
\inf@bad=\count270
LaTeX Info: Redefining \frac on input line 233.
\uproot@=\count271
\leftroot@=\count272
LaTeX Info: Redefining \overline on input line 398.
LaTeX Info: Redefining \colon on input line 409.
\classnum@=\count273
\DOTSCASE@=\count274
LaTeX Info: Redefining \ldots on input line 495.
LaTeX Info: Redefining \dots on input line 498.
LaTeX Info: Redefining \cdots on input line 619.
\Mathstrutbox@=\box52
\strutbox@=\box53
LaTeX Info: Redefining \big on input line 721.
LaTeX Info: Redefining \Big on input line 722.
LaTeX Info: Redefining \bigg on input line 723.
LaTeX Info: Redefining \Bigg on input line 724.
\big@size=\dimen144
LaTeX Font Info:    Redeclaring font encoding OML on input line 742.
LaTeX Font Info:    Redeclaring font encoding OMS on input line 743.
\macc@depth=\count275
LaTeX Info: Redefining \bmod on input line 904.
LaTeX Info: Redefining \pmod on input line 909.
LaTeX Info: Redefining \smash on input line 939.
LaTeX Info: Redefining \relbar on input line 969.
LaTeX Info: Redefining \Relbar on input line 970.
\c@MaxMatrixCols=\count276
\dotsspace@=\muskip17
\c@parentequation=\count277
\dspbrk@lvl=\count278
\tag@help=\toks18
\row@=\count279
\column@=\count280
\maxfields@=\count281
\andhelp@=\toks19
\eqnshift@=\dimen145
\alignsep@=\dimen146
\tagshift@=\dimen147
\tagwidth@=\dimen148
\totwidth@=\dimen149
\lineht@=\dimen150
\@envbody=\toks20
\multlinegap=\skip52
\multlinetaggap=\skip53
\mathdisplay@stack=\toks21
LaTeX Info: Redefining \[ on input line 2953.
LaTeX Info: Redefining \] on input line 2954.
) (/nix/store/lavaqw85ixs41sv6hv8qfzksj8n12r3w-texlive-combined-full-2024-final-texmfdist/tex/latex/amsfonts/amsfonts.sty
Package: amsfonts 2013/01/14 v3.01 Basic AMSFonts support
\symAMSa=\mathgroup4
\symAMSb=\mathgroup5
LaTeX Font Info:    Redeclaring math symbol \hbar on input line 98.
LaTeX Font Info:    Overwriting math alphabet `\mathfrak' in version `bold'
(Font)                  U/euf/m/n --> U/euf/b/n on input line 106.
) (/nix/store/lavaqw85ixs41sv6hv8qfzksj8n12r3w-texlive-combined-full-2024-final-texmfdist/tex/latex/dirtytalk/dirtytalk.sty
Package: dirtytalk 2010/11/21 A package making "quoting" easier
 (/nix/store/lavaqw85ixs41sv6hv8qfzksj8n12r3w-texlive-combined-full-2024-final-texmfdist/tex/latex/kvoptions/kvoptions.sty
Package: kvoptions 2022-06-15 v3.15 Key value format for package options (HO)
 (/nix/store/lavaqw85ixs41sv6hv8qfzksj8n12r3w-texlive-combined-full-2024-final-texmfdist/tex/latex/graphics/keyval.sty
Package: keyval 2022/05/29 v1.15 key=value parser (DPC)
\KV@toks@=\toks22
) (/nix/store/lavaqw85ixs41sv6hv8qfzksj8n12r3w-texlive-combined-full-2024-final-texmfdist/tex/generic/ltxcmds/ltxcmds.sty
Package: ltxcmds 2023-12-04 v1.26 LaTeX kernel commands for general use (HO)
) (/nix/store/lavaqw85ixs41sv6hv8qfzksj8n12r3w-texlive-combined-full-2024-final-texmfdist/tex/latex/kvsetkeys/kvsetkeys.sty
Package: kvsetkeys 2022-10-05 v1.19 Key value parser (HO)
)) (/nix/store/lavaqw85ixs41sv6hv8qfzksj8n12r3w-texlive-combined-full-2024-final-texmfdist/tex/latex/base/ifthen.sty
Package: ifthen 2024/03/16 v1.1e Standard LaTeX ifthen package (DPC)
)
\c@dirtytalk@qdepth=\count282
) (/nix/store/lavaqw85ixs41sv6hv8qfzksj8n12r3w-texlive-combined-full-2024-final-texmfdist/tex/latex/mathtools/mathtools.sty
Package: mathtools 2024/10/04 v1.31 mathematical typesetting tools
 (/nix/store/lavaqw85ixs41sv6hv8qfzksj8n12r3w-texlive-combined-full-2024-final-texmfdist/tex/latex/tools/calc.sty
Package: calc 2023/07/08 v4.3 Infix arithmetic (KKT,FJ)
\calc@Acount=\count283
\calc@Bcount=\count284
\calc@Adimen=\dimen151
\calc@Bdimen=\dimen152
\calc@Askip=\skip54
\calc@Bskip=\skip55
LaTeX Info: Redefining \setlength on input line 80.
LaTeX Info: Redefining \addtolength on input line 81.
\calc@Ccount=\count285
\calc@Cskip=\skip56
) (/nix/store/lavaqw85ixs41sv6hv8qfzksj8n12r3w-texlive-combined-full-2024-final-texmfdist/tex/latex/mathtools/mhsetup.sty
Package: mhsetup 2021/03/18 v1.4 programming setup (MH)
)
\g_MT_multlinerow_int=\count286
\l_MT_multwidth_dim=\dimen153
\origjot=\skip57
\l_MT_shortvdotswithinadjustabove_dim=\dimen154
\l_MT_shortvdotswithinadjustbelow_dim=\dimen155
\l_MT_above_intertext_sep=\dimen156
\l_MT_below_intertext_sep=\dimen157
\l_MT_above_shortintertext_sep=\dimen158
\l_MT_below_shortintertext_sep=\dimen159
\xmathstrut@box=\box54
\xmathstrut@dim=\dimen160
) (/nix/store/lavaqw85ixs41sv6hv8qfzksj8n12r3w-texlive-combined-full-2024-final-texmfdist/tex/latex/tools/bm.sty
Package: bm 2023/12/19 v1.2f Bold Symbol Support (DPC/FMi)
\symboldoperators=\mathgroup6
\symboldletters=\mathgroup7
\symboldsymbols=\mathgroup8
Package bm Info: No bold for \OMX/cmex/m/n, using \pmb.
Package bm Info: No bold for \U/msa/m/n, using \pmb.
Package bm Info: No bold for \U/msb/m/n, using \pmb.
LaTeX Font Info:    Redeclaring math alphabet \mathbf on input line 149.
) (/nix/store/lavaqw85ixs41sv6hv8qfzksj8n12r3w-texlive-combined-full-2024-final-texmfdist/tex/latex/xcolor/xcolor.sty
Package: xcolor 2024/09/29 v3.02 LaTeX color extensions (UK)

(/nix/store/lavaqw85ixs41sv6hv8qfzksj8n12r3w-texlive-combined-full-2024-final-texmfdist/tex/latex/graphics-cfg/color.cfg
File: color.cfg 2016/01/02 v1.6 sample color configuration
)
Package xcolor Info: Driver file: pdftex.def on input line 274.
 (/nix/store/lavaqw85ixs41sv6hv8qfzksj8n12r3w-texlive-combined-full-2024-final-texmfdist/tex/latex/graphics-def/pdftex.def
File: pdftex.def 2024/04/13 v1.2c Graphics/color driver for pdftex
) (/nix/store/lavaqw85ixs41sv6hv8qfzksj8n12r3w-texlive-combined-full-2024-final-texmfdist/tex/latex/graphics/mathcolor.ltx)
Package xcolor Info: Model `cmy' substituted by `cmy0' on input line 1349.
Package xcolor Info: Model `hsb' substituted by `rgb' on input line 1353.
Package xcolor Info: Model `RGB' extended on input line 1365.
Package xcolor Info: Model `HTML' substituted by `rgb' on input line 1367.
Package xcolor Info: Model `Hsb' substituted by `hsb' on input line 1368.
Package xcolor Info: Model `tHsb' substituted by `hsb' on input line 1369.
Package xcolor Info: Model `HSB' substituted by `hsb' on input line 1370.
Package xcolor Info: Model `Gray' substituted by `gray' on input line 1371.
Package xcolor Info: Model `wave' substituted by `hsb' on input line 1372.
) (/nix/store/lavaqw85ixs41sv6hv8qfzksj8n12r3w-texlive-combined-full-2024-final-texmfdist/tex/latex/graphics/dvipsnam.def
File: dvipsnam.def 2016/06/17 v3.0m Driver-dependent file (DPC,SPQR)
) (/nix/store/lavaqw85ixs41sv6hv8qfzksj8n12r3w-texlive-combined-full-2024-final-texmfdist/tex/latex/minted/minted.sty
Package: minted 2025/03/06 v3.6.0 Yet another Pygments shim for LaTeX
 (/nix/store/lavaqw85ixs41sv6hv8qfzksj8n12r3w-texlive-combined-full-2024-final-texmfdist/tex/generic/catchfile/catchfile.sty
Package: catchfile 2019/12/09 v1.8 Catch the contents of a file (HO)
 (/nix/store/lavaqw85ixs41sv6hv8qfzksj8n12r3w-texlive-combined-full-2024-final-texmfdist/tex/generic/infwarerr/infwarerr.sty
Package: infwarerr 2019/12/03 v1.5 Providing info/warning/error messages (HO)
) (/nix/store/lavaqw85ixs41sv6hv8qfzksj8n12r3w-texlive-combined-full-2024-final-texmfdist/tex/generic/etexcmds/etexcmds.sty
Package: etexcmds 2019/12/15 v1.7 Avoid name clashes with e-TeX commands (HO)
 (/nix/store/lavaqw85ixs41sv6hv8qfzksj8n12r3w-texlive-combined-full-2024-final-texmfdist/tex/generic/iftex/iftex.sty
Package: iftex 2024/12/12 v1.0g TeX engine tests
))) (/nix/store/lavaqw85ixs41sv6hv8qfzksj8n12r3w-texlive-combined-full-2024-final-texmfdist/tex/latex/etoolbox/etoolbox.sty
Package: etoolbox 2025/02/11 v2.5l e-TeX tools for LaTeX (JAW)
\etb@tempcnta=\count287
) (/nix/store/lavaqw85ixs41sv6hv8qfzksj8n12r3w-texlive-combined-full-2024-final-texmfdist/tex/latex/fvextra/fvextra.sty
Package: fvextra 2025/03/04 v1.12.0 fvextra - extensions and patches for fancyvrb
 (/nix/store/lavaqw85ixs41sv6hv8qfzksj8n12r3w-texlive-combined-full-2024-final-texmfdist/tex/latex/fancyvrb/fancyvrb.sty
Package: fancyvrb 2024/01/20 4.5c verbatim text (tvz,hv)
\FV@CodeLineNo=\count288
\FV@InFile=\read2
\FV@TabBox=\box55
\c@FancyVerbLine=\count289
\FV@StepNumber=\count290
\FV@OutFile=\write3
) (/nix/store/lavaqw85ixs41sv6hv8qfzksj8n12r3w-texlive-combined-full-2024-final-texmfdist/tex/generic/pdftexcmds/pdftexcmds.sty
Package: pdftexcmds 2020-06-27 v0.33 Utility functions of pdfTeX for LuaTeX (HO)
Package pdftexcmds Info: \pdf@primitive is available.
Package pdftexcmds Info: \pdf@ifprimitive is available.
Package pdftexcmds Info: \pdfdraftmode found.
) (/nix/store/lavaqw85ixs41sv6hv8qfzksj8n12r3w-texlive-combined-full-2024-final-texmfdist/tex/latex/upquote/upquote.sty
Package: upquote 2012/04/19 v1.3 upright-quote and grave-accent glyphs in verbatim
) (/nix/store/lavaqw85ixs41sv6hv8qfzksj8n12r3w-texlive-combined-full-2024-final-texmfdist/tex/latex/lineno/lineno.sty
Package: lineno 2025/01/29 line numbers on paragraphs v5.4
\linenopenalty=\count291
\output=\toks23
\linenoprevgraf=\count292
\linenumbersep=\dimen161
\linenumberwidth=\dimen162
\c@linenumber=\count293
\c@pagewiselinenumber=\count294
\c@LN@truepage=\count295
\c@internallinenumber=\count296
\c@internallinenumbers=\count297
\quotelinenumbersep=\dimen163
\bframerule=\dimen164
\bframesep=\dimen165
\bframebox=\box56
\@LN@amsmath@ams@eqpen=\count298
LaTeX Info: Redefining \\ on input line 3187.
)
\c@FancyVerbWriteLine=\count299
\c@FancyVerbBufferLine=\count300
\c@FV@TrueTabGroupLevel=\count301
\c@FV@TrueTabCounter=\count302
\FV@TabBox@Group=\box57
\FV@bgcolorstructbox=\box58
\FV@TmpLength=\skip58
\c@FV@HighlightLinesStart=\count303
\c@FV@HighlightLinesStop=\count304
\FV@LoopCount=\count305
\FV@NCharsBox=\box59
\FV@BreakIndent=\dimen166
\FV@BreakIndentNChars=\count306
\FV@BreakSymbolSepLeft=\dimen167
\FV@BreakSymbolSepLeftNChars=\count307
\FV@BreakSymbolSepRight=\dimen168
\FV@BreakSymbolSepRightNChars=\count308
\FV@BreakSymbolIndentLeft=\dimen169
\FV@BreakSymbolIndentLeftNChars=\count309
\FV@BreakSymbolIndentRight=\dimen170
\FV@BreakSymbolIndentRightNChars=\count310
\c@FancyVerbLineBreakLast=\count311
\FV@LineBox=\box60
\FV@LineIndentBox=\box61
\c@FV@BreakBufferDepth=\count312
\FV@LineWidth=\dimen171
) (/nix/store/lavaqw85ixs41sv6hv8qfzksj8n12r3w-texlive-combined-full-2024-final-texmfdist/tex/latex/latex2pydata/latex2pydata.sty
Package: latex2pydata 2025/03/03 v0.5.0 latex2pydata - write data to file in Python literal format
)
(/nix/store/lavaqw85ixs41sv6hv8qfzksj8n12r3w-texlive-combined-full-2024-final-texmfdist/tex/latex/pgf/utilities/pgfkeys.sty (/nix/store/lavaqw85ixs41sv6hv8qfzksj8n12r3w-texlive-combined-full-2024-final-texmfdist/tex/generic/pgf/utilities/pgfkeys.code.tex
\pgfkeys@pathtoks=\toks24
\pgfkeys@temptoks=\toks25
 (/nix/store/lavaqw85ixs41sv6hv8qfzksj8n12r3w-texlive-combined-full-2024-final-texmfdist/tex/generic/pgf/utilities/pgfkeyslibraryfiltered.code.tex
\pgfkeys@tmptoks=\toks26
))) (/nix/store/lavaqw85ixs41sv6hv8qfzksj8n12r3w-texlive-combined-full-2024-final-texmfdist/tex/latex/pgfopts/pgfopts.sty
Package: pgfopts 2014/07/10 v2.1a LaTeX package options with pgfkeys
\pgfopts@list@add@a@toks=\toks27
\pgfopts@list@add@b@toks=\toks28
) (/nix/store/lavaqw85ixs41sv6hv8qfzksj8n12r3w-texlive-combined-full-2024-final-texmfdist/tex/latex/tools/shellesc.sty
Package: shellesc 2023/07/08 v1.0d unified shell escape interface for LaTeX
Package shellesc Info: Restricted shell escape enabled on input line 77.
) (/nix/store/lavaqw85ixs41sv6hv8qfzksj8n12r3w-texlive-combined-full-2024-final-texmfdist/tex/latex/float/float.sty
Package: float 2001/11/08 v1.3d Float enhancements (AL)
\c@float@type=\count313
\float@exts=\toks29
\float@box=\box62
\@float@everytoks=\toks30
\@floatcapt=\box63
)
\c@minted@FancyVerbLineTemp=\count314
\@float@every@listing=\toks31
\c@listing=\count315
) (/nix/store/lavaqw85ixs41sv6hv8qfzksj8n12r3w-texlive-combined-full-2024-final-texmfdist/tex/latex/pythonhighlight/pythonhighlight.sty
Package: pythonhighlight 2024/03/18 python code highlighting; provided by Olivier Verdier <olivier.verdier@gmail.com>
 (/nix/store/lavaqw85ixs41sv6hv8qfzksj8n12r3w-texlive-combined-full-2024-final-texmfdist/tex/latex/listings/listings.sty
\lst@mode=\count316
\lst@gtempboxa=\box64
\lst@token=\toks32
\lst@length=\count317
\lst@currlwidth=\dimen172
\lst@column=\count318
\lst@pos=\count319
\lst@lostspace=\dimen173
\lst@width=\dimen174
\lst@newlines=\count320
\lst@lineno=\count321
\lst@maxwidth=\dimen175
 (/nix/store/lavaqw85ixs41sv6hv8qfzksj8n12r3w-texlive-combined-full-2024-final-texmfdist/tex/latex/listings/lstpatch.sty
File: lstpatch.sty 2024/09/23 1.10c (Carsten Heinz)
) (/nix/store/lavaqw85ixs41sv6hv8qfzksj8n12r3w-texlive-combined-full-2024-final-texmfdist/tex/latex/listings/lstmisc.sty
File: lstmisc.sty 2024/09/23 1.10c (Carsten Heinz)
\c@lstnumber=\count322
\lst@skipnumbers=\count323
\lst@framebox=\box65
) (/nix/store/lavaqw85ixs41sv6hv8qfzksj8n12r3w-texlive-combined-full-2024-final-texmfdist/tex/latex/listings/listings.cfg
File: listings.cfg 2024/09/23 1.10c listings configuration
))
Package: listings 2024/09/23 1.10c (Carsten Heinz)
 (/nix/store/lavaqw85ixs41sv6hv8qfzksj8n12r3w-texlive-combined-full-2024-final-texmfdist/tex/latex/l3packages/xparse/xparse.sty (/nix/store/lavaqw85ixs41sv6hv8qfzksj8n12r3w-texlive-combined-full-2024-final-texmfdist/tex/latex/l3kernel/expl3.sty
Package: expl3 2025-01-18 L3 programming layer (loader) 
 (/nix/store/lavaqw85ixs41sv6hv8qfzksj8n12r3w-texlive-combined-full-2024-final-texmfdist/tex/latex/l3backend/l3backend-pdftex.def
File: l3backend-pdftex.def 2024-05-08 L3 backend support: PDF output (pdfTeX)
\l__color_backend_stack_int=\count324
\l__pdf_internal_box=\box66
))
Package: xparse 2024-08-16 L3 Experimental document command parser
)) (/nix/store/lavaqw85ixs41sv6hv8qfzksj8n12r3w-texlive-combined-full-2024-final-texmfdist/tex/latex/geometry/geometry.sty
Package: geometry 2020/01/02 v5.9 Page Geometry
 (/nix/store/lavaqw85ixs41sv6hv8qfzksj8n12r3w-texlive-combined-full-2024-final-texmfdist/tex/generic/iftex/ifvtex.sty
Package: ifvtex 2019/10/25 v1.7 ifvtex legacy package. Use iftex instead.
)
\Gm@cnth=\count325
\Gm@cntv=\count326
\c@Gm@tempcnt=\count327
\Gm@bindingoffset=\dimen176
\Gm@wd@mp=\dimen177
\Gm@odd@mp=\dimen178
\Gm@even@mp=\dimen179
\Gm@layoutwidth=\dimen180
\Gm@layoutheight=\dimen181
\Gm@layouthoffset=\dimen182
\Gm@layoutvoffset=\dimen183
\Gm@dimlist=\toks33
)
(./main.aux)
\openout1 = `main.aux'.

LaTeX Font Info:    Checking defaults for OML/cmm/m/it on input line 19.
LaTeX Font Info:    ... okay on input line 19.
LaTeX Font Info:    Checking defaults for OMS/cmsy/m/n on input line 19.
LaTeX Font Info:    ... okay on input line 19.
LaTeX Font Info:    Checking defaults for OT1/cmr/m/n on input line 19.
LaTeX Font Info:    ... okay on input line 19.
LaTeX Font Info:    Checking defaults for T1/cmr/m/n on input line 19.
LaTeX Font Info:    ... okay on input line 19.
LaTeX Font Info:    Checking defaults for TS1/cmr/m/n on input line 19.
LaTeX Font Info:    ... okay on input line 19.
LaTeX Font Info:    Checking defaults for OMX/cmex/m/n on input line 19.
LaTeX Font Info:    ... okay on input line 19.
LaTeX Font Info:    Checking defaults for U/cmr/m/n on input line 19.
LaTeX Font Info:    ... okay on input line 19.
 (/nix/store/lavaqw85ixs41sv6hv8qfzksj8n12r3w-texlive-combined-full-2024-final-texmfdist/tex/latex/graphics/graphicx.sty
Package: graphicx 2021/09/16 v1.2d Enhanced LaTeX Graphics (DPC,SPQR)
 (/nix/store/lavaqw85ixs41sv6hv8qfzksj8n12r3w-texlive-combined-full-2024-final-texmfdist/tex/latex/graphics/graphics.sty
Package: graphics 2024/08/06 v1.4g Standard LaTeX Graphics (DPC,SPQR)
 (/nix/store/lavaqw85ixs41sv6hv8qfzksj8n12r3w-texlive-combined-full-2024-final-texmfdist/tex/latex/graphics/trig.sty
Package: trig 2023/12/02 v1.11 sin cos tan (DPC)
) (/nix/store/lavaqw85ixs41sv6hv8qfzksj8n12r3w-texlive-combined-full-2024-final-texmfdist/tex/latex/graphics-cfg/graphics.cfg
File: graphics.cfg 2016/06/04 v1.11 sample graphics configuration
)
Package graphics Info: Driver file: pdftex.def on input line 106.
)
\Gin@req@height=\dimen184
\Gin@req@width=\dimen185
) (/nix/store/lavaqw85ixs41sv6hv8qfzksj8n12r3w-texlive-combined-full-2024-final-texmfdist/tex/context/base/mkii/supp-pdf.mkii
[Loading MPS to PDF converter (version 2006.09.02).]
\scratchcounter=\count328
\scratchdimen=\dimen186
\scratchbox=\box67
\nofMPsegments=\count329
\nofMParguments=\count330
\everyMPshowfont=\toks34
\MPscratchCnt=\count331
\MPscratchDim=\dimen187
\MPnumerator=\count332
\makeMPintoPDFobject=\count333
\everyMPtoPDFconversion=\toks35
) (/nix/store/lavaqw85ixs41sv6hv8qfzksj8n12r3w-texlive-combined-full-2024-final-texmfdist/tex/latex/epstopdf-pkg/epstopdf-base.sty
Package: epstopdf-base 2020-01-24 v2.11 Base part for package epstopdf
Package epstopdf-base Info: Redefining graphics rule for `.eps' on input line 485.
 (/nix/store/lavaqw85ixs41sv6hv8qfzksj8n12r3w-texlive-combined-full-2024-final-texmfdist/tex/latex/latexconfig/epstopdf-sys.cfg
File: epstopdf-sys.cfg 2010/07/13 v1.3 Configuration of (r)epstopdf for TeX Live
)) (/nix/store/lavaqw85ixs41sv6hv8qfzksj8n12r3w-texlive-combined-full-2024-final-texmfdist/tex/latex/base/textcomp.sty
Package: textcomp 2024/04/24 v2.1b Standard LaTeX package
)
\c@lstlisting=\count334

*geometry* driver: auto-detecting
*geometry* detected driver: pdftex
*geometry* verbose mode - [ preamble ] result:
* driver: pdftex
* paper: <default>
* layout: <same size as paper>
* layoutoffset:(h,v)=(0.0pt,0.0pt)
* modes: 
* h-part:(L,W,R)=(72.0pt, 470.295pt, 72.0pt)
* v-part:(T,H,B)=(72.0pt, 650.96999pt, 72.0pt)
* \paperwidth=614.295pt
* \paperheight=794.96999pt
* \textwidth=470.295pt
* \textheight=650.96999pt
* \oddsidemargin=-0.26999pt
* \evensidemargin=-0.26999pt
* \topmargin=-37.26999pt
* \headheight=12.0pt
* \headsep=25.0pt
* \topskip=11.0pt
* \footskip=30.0pt
* \marginparwidth=59.0pt
* \marginparsep=10.0pt
* \columnsep=10.0pt
* \skip\footins=10.0pt plus 4.0pt minus 2.0pt
* \hoffset=0.0pt
* \voffset=0.0pt
* \mag=1000
* \@twocolumnfalse
* \@twosidefalse
* \@mparswitchfalse
* \@reversemarginfalse
* (1in=72.27pt=25.4mm, 1cm=28.453pt)

LaTeX Font Info:    Trying to load font information for U+msa on input line 20.
(/nix/store/lavaqw85ixs41sv6hv8qfzksj8n12r3w-texlive-combined-full-2024-final-texmfdist/tex/latex/amsfonts/umsa.fd
File: umsa.fd 2013/01/14 v3.01 AMS symbols A
)
LaTeX Font Info:    Trying to load font information for U+msb on input line 20.
 (/nix/store/lavaqw85ixs41sv6hv8qfzksj8n12r3w-texlive-combined-full-2024-final-texmfdist/tex/latex/amsfonts/umsb.fd
File: umsb.fd 2013/01/14 v3.01 AMS symbols B
)

LaTeX Warning: No \author given.



[1

{/nix/store/75gz8m52v90h6pmfvn0knizigm5v8dpm-texlive-combined-full-2024-final/share/texmf-var/fonts/map/pdftex/updmap/pdftex.map}]
\pydata@fh@_FAD58DE7366495DB4650CFEFAC2FCD61.data.minted=\write4
\openout4 = `_FAD58DE7366495DB4650CFEFAC2FCD61.data.minted'.

runsystem(latexminted config  --timestamp 20250420134829 FAD58DE7366495DB4650CFEFAC2FCD61)...executed safely (allowed).

 (./_FAD58DE7366495DB4650CFEFAC2FCD61.config.minted)
runsystem(latexminted cleanconfig  --timestamp 20250420134829 FAD58DE7366495DB4650CFEFAC2FCD61)...executed safely (allowed).

 (./_minted/monokai.style.minted) (./_minted/799DB4A450D6B396399364079A4CCE18.highlight.minted) (/nix/store/lavaqw85ixs41sv6hv8qfzksj8n12r3w-texlive-combined-full-2024-final-texmfdist/tex/latex/listings/lstlang1.sty
File: lstlang1.sty 2024/09/23 1.10c listings language file
) (./_minted/61B7300B026BA509FF72EF408FBB6DB8.highlight.minted)

[2] (./_minted/8A362C5150417BF5771780CB055DDD31.highlight.minted) (./_minted/762CB85B4DC1FCE0406D615C6D7FE38E.highlight.minted) (./_minted/DFEFD9FFDFCCA7072F0BD5F7F8356EFF.highlight.minted

[3{/nix/store/lavaqw85ixs41sv6hv8qfzksj8n12r3w-texlive-combined-full-2024-final-texmfdist/fonts/enc/dvips/cm-super/cm-super-ts1.enc}])

[4] (./main.aux)
 ***********
LaTeX2e <2024-11-01> patch level 2
L3 programming layer <2025-01-18>
 ***********
 ) 
Here is how much of TeX's memory you used:
 11106 strings out of 473201
 237673 string characters out of 5689025
 968647 words of memory out of 5000000
 34176 multiletter control sequences out of 15000+600000
 570436 words of font info for 78 fonts, out of 8000000 for 9000
 1141 hyphenation exceptions out of 8191
 79i,12n,93p,636b,1480s stack positions out of 10000i,1000n,20000p,200000b,200000s
</nix/store/lavaqw85ixs41sv6hv8qfzksj8n12r3w-texlive-combined-full-2024-final-texmfdist/fonts/type1/public/amsfonts/cm/cmbx12.pfb></nix/store/lavaqw85ixs41sv6hv8qfzksj8n12r3w-texlive-combined-full-2024-final-texmfdist/fonts/type1/public/amsfonts/cm/cmex10.pfb></nix/store/lavaqw85ixs41sv6hv8qfzksj8n12r3w-texlive-combined-full-2024-final-texmfdist/fonts/type1/public/amsfonts/cm/cmmi10.pfb></nix/store/lavaqw85ixs41sv6hv8qfzksj8n12r3w-texlive-combined-full-2024-final-texmfdist/fonts/type1/public/amsfonts/cm/cmmi8.pfb></nix/store/lavaqw85ixs41sv6hv8qfzksj8n12r3w-texlive-combined-full-2024-final-texmfdist/fonts/type1/public/amsfonts/cm/cmr10.pfb></nix/store/lavaqw85ixs41sv6hv8qfzksj8n12r3w-texlive-combined-full-2024-final-texmfdist/fonts/type1/public/amsfonts/cm/cmr12.pfb></nix/store/lavaqw85ixs41sv6hv8qfzksj8n12r3w-texlive-combined-full-2024-final-texmfdist/fonts/type1/public/amsfonts/cm/cmr17.pfb></nix/store/lavaqw85ixs41sv6hv8qfzksj8n12r3w-texlive-combined-full-2024-final-texmfdist/fonts/type1/public/amsfonts/cm/cmr8.pfb></nix/store/lavaqw85ixs41sv6hv8qfzksj8n12r3w-texlive-combined-full-2024-final-texmfdist/fonts/type1/public/amsfonts/cm/cmsy10.pfb></nix/store/lavaqw85ixs41sv6hv8qfzksj8n12r3w-texlive-combined-full-2024-final-texmfdist/fonts/type1/public/amsfonts/cm/cmti10.pfb></nix/store/lavaqw85ixs41sv6hv8qfzksj8n12r3w-texlive-combined-full-2024-final-texmfdist/fonts/type1/public/amsfonts/cm/cmtt10.pfb></nix/store/lavaqw85ixs41sv6hv8qfzksj8n12r3w-texlive-combined-full-2024-final-texmfdist/fonts/type1/public/amsfonts/symbols/msbm10.pfb></nix/store/lavaqw85ixs41sv6hv8qfzksj8n12r3w-texlive-combined-full-2024-final-texmfdist/fonts/type1/public/cm-super/sftt1095.pfb>
Output written on main.pdf (4 pages, 158742 bytes).
PDF statistics:
 83 PDF objects out of 1000 (max. 8388607)
 50 compressed objects within 1 object stream
 0 named destinations out of 1000 (max. 500000)
 1 words of extra memory for PDF output out of 10000 (max. 10000000)

